d:\repos vs\release\vc142.pdb
d:\repos vs\release\r_radio.obj
d:\repos vs\release\r_main.obj
d:\repos vs\release\r_config.obj
d:\repos vs\release\r_samp.obj
d:\repos vs\release\rintel.exe
d:\repos vs\release\rintel.pdb
d:\repos vs\release\rintel.ipdb
d:\repos vs\release\rintel.iobj
d:\repos vs\release\recursos.res
d:\repos vs\release\radiointeligente.tlog\cl.command.1.tlog
d:\repos vs\release\radiointeligente.tlog\cl.read.1.tlog
d:\repos vs\release\radiointeligente.tlog\cl.write.1.tlog
d:\repos vs\release\radiointeligente.tlog\link.command.1.tlog
d:\repos vs\release\radiointeligente.tlog\link.read.1.tlog
d:\repos vs\release\radiointeligente.tlog\link.write.1.tlog
d:\repos vs\release\radiointeligente.tlog\radiointeligente.write.1u.tlog
d:\repos vs\release\radiointeligente.tlog\rc.command.1.tlog
d:\repos vs\release\radiointeligente.tlog\rc.read.1.tlog
d:\repos vs\release\radiointeligente.tlog\rc.write.1.tlog
